[20.504s] Invoking command in '/home/farhan/ros2_gazebo/src/Vision': PYTHONPATH=/home/farhan/ros2_gazebo/build/Vision/prefix_override:/usr/lib/python3/dist-packages/colcon_core/task/python/colcon_distutils_commands:/home/farhan/ros2_gazebo/install/Vision/lib/python3.10/site-packages:${PYTHONPATH} /usr/bin/python3 -W ignore:setup.py install is deprecated setup.py egg_info --egg-base ../../build/Vision build --build-base /home/farhan/ros2_gazebo/build/Vision/build install --record /home/farhan/ros2_gazebo/build/Vision/install.log --single-version-externally-managed install_data
[25.450s] running egg_info
[25.455s] writing ../../build/Vision/Vision.egg-info/PKG-INFO
[25.457s] writing dependency_links to ../../build/Vision/Vision.egg-info/dependency_links.txt
[25.459s] writing entry points to ../../build/Vision/Vision.egg-info/entry_points.txt
[25.461s] writing requirements to ../../build/Vision/Vision.egg-info/requires.txt
[25.462s] writing top-level names to ../../build/Vision/Vision.egg-info/top_level.txt
[25.486s] reading manifest file '../../build/Vision/Vision.egg-info/SOURCES.txt'
[25.495s] writing manifest file '../../build/Vision/Vision.egg-info/SOURCES.txt'
[25.496s] running build
[25.498s] running build_py
[25.498s] running install
[25.500s] running install_lib
[25.525s] running install_data
[25.527s] running install_egg_info
[25.553s] removing '/home/farhan/ros2_gazebo/install/Vision/lib/python3.10/site-packages/Vision-0.0.0-py3.10.egg-info' (and everything under it)
[25.555s] Copying ../../build/Vision/Vision.egg-info to /home/farhan/ros2_gazebo/install/Vision/lib/python3.10/site-packages/Vision-0.0.0-py3.10.egg-info
[25.567s] running install_scripts
[25.901s] writing list of installed files to '/home/farhan/ros2_gazebo/build/Vision/install.log'
[26.265s] Invoked command in '/home/farhan/ros2_gazebo/src/Vision' returned '0': PYTHONPATH=/home/farhan/ros2_gazebo/build/Vision/prefix_override:/usr/lib/python3/dist-packages/colcon_core/task/python/colcon_distutils_commands:/home/farhan/ros2_gazebo/install/Vision/lib/python3.10/site-packages:${PYTHONPATH} /usr/bin/python3 -W ignore:setup.py install is deprecated setup.py egg_info --egg-base ../../build/Vision build --build-base /home/farhan/ros2_gazebo/build/Vision/build install --record /home/farhan/ros2_gazebo/build/Vision/install.log --single-version-externally-managed install_data
