[16.543s] Invoking command in '/home/farhan/ros2_gazebo/src/Vision': PYTHONPATH=/home/farhan/ros2_gazebo/build/Vision/prefix_override:/usr/lib/python3/dist-packages/colcon_core/task/python/colcon_distutils_commands:/home/farhan/ros2_gazebo/install/Vision/lib/python3.10/site-packages:${PYTHONPATH} /usr/bin/python3 -W ignore:setup.py install is deprecated setup.py egg_info --egg-base ../../build/Vision build --build-base /home/farhan/ros2_gazebo/build/Vision/build install --record /home/farhan/ros2_gazebo/build/Vision/install.log --single-version-externally-managed install_data
[20.539s] running egg_info
[20.543s] writing ../../build/Vision/Vision.egg-info/PKG-INFO
[20.545s] writing dependency_links to ../../build/Vision/Vision.egg-info/dependency_links.txt
[20.546s] writing entry points to ../../build/Vision/Vision.egg-info/entry_points.txt
[20.547s] writing requirements to ../../build/Vision/Vision.egg-info/requires.txt
[20.548s] writing top-level names to ../../build/Vision/Vision.egg-info/top_level.txt
[20.565s] reading manifest file '../../build/Vision/Vision.egg-info/SOURCES.txt'
[20.626s] writing manifest file '../../build/Vision/Vision.egg-info/SOURCES.txt'
[20.627s] running build
[20.628s] running build_py
[20.632s] running install
[20.633s] running install_lib
[20.659s] running install_data
[20.660s] running install_egg_info
[20.685s] removing '/home/farhan/ros2_gazebo/install/Vision/lib/python3.10/site-packages/Vision-0.0.0-py3.10.egg-info' (and everything under it)
[20.687s] Copying ../../build/Vision/Vision.egg-info to /home/farhan/ros2_gazebo/install/Vision/lib/python3.10/site-packages/Vision-0.0.0-py3.10.egg-info
[20.723s] running install_scripts
[21.051s] writing list of installed files to '/home/farhan/ros2_gazebo/build/Vision/install.log'
[21.356s] Invoked command in '/home/farhan/ros2_gazebo/src/Vision' returned '0': PYTHONPATH=/home/farhan/ros2_gazebo/build/Vision/prefix_override:/usr/lib/python3/dist-packages/colcon_core/task/python/colcon_distutils_commands:/home/farhan/ros2_gazebo/install/Vision/lib/python3.10/site-packages:${PYTHONPATH} /usr/bin/python3 -W ignore:setup.py install is deprecated setup.py egg_info --egg-base ../../build/Vision build --build-base /home/farhan/ros2_gazebo/build/Vision/build install --record /home/farhan/ros2_gazebo/build/Vision/install.log --single-version-externally-managed install_data
