[13.138s] Invoking command in '/home/farhan/ros2_gazebo/src/Vision': PYTHONPATH=/home/farhan/ros2_gazebo/build/Vision/prefix_override:/usr/lib/python3/dist-packages/colcon_core/task/python/colcon_distutils_commands:/home/farhan/ros2_gazebo/install/Vision/lib/python3.10/site-packages:${PYTHONPATH} /usr/bin/python3 -W ignore:setup.py install is deprecated setup.py egg_info --egg-base ../../build/Vision build --build-base /home/farhan/ros2_gazebo/build/Vision/build install --record /home/farhan/ros2_gazebo/build/Vision/install.log --single-version-externally-managed install_data
[18.086s] running egg_info
[18.098s] writing ../../build/Vision/Vision.egg-info/PKG-INFO
[18.100s] writing dependency_links to ../../build/Vision/Vision.egg-info/dependency_links.txt
[18.101s] writing entry points to ../../build/Vision/Vision.egg-info/entry_points.txt
[18.102s] writing requirements to ../../build/Vision/Vision.egg-info/requires.txt
[18.103s] writing top-level names to ../../build/Vision/Vision.egg-info/top_level.txt
[18.124s] reading manifest file '../../build/Vision/Vision.egg-info/SOURCES.txt'
[18.130s] writing manifest file '../../build/Vision/Vision.egg-info/SOURCES.txt'
[18.131s] running build
[18.131s] running build_py
[18.132s] running install
[18.135s] running install_lib
[18.157s] running install_data
[18.160s] running install_egg_info
[18.193s] removing '/home/farhan/ros2_gazebo/install/Vision/lib/python3.10/site-packages/Vision-0.0.0-py3.10.egg-info' (and everything under it)
[18.196s] Copying ../../build/Vision/Vision.egg-info to /home/farhan/ros2_gazebo/install/Vision/lib/python3.10/site-packages/Vision-0.0.0-py3.10.egg-info
[18.207s] running install_scripts
[18.531s] writing list of installed files to '/home/farhan/ros2_gazebo/build/Vision/install.log'
[18.864s] Invoked command in '/home/farhan/ros2_gazebo/src/Vision' returned '0': PYTHONPATH=/home/farhan/ros2_gazebo/build/Vision/prefix_override:/usr/lib/python3/dist-packages/colcon_core/task/python/colcon_distutils_commands:/home/farhan/ros2_gazebo/install/Vision/lib/python3.10/site-packages:${PYTHONPATH} /usr/bin/python3 -W ignore:setup.py install is deprecated setup.py egg_info --egg-base ../../build/Vision build --build-base /home/farhan/ros2_gazebo/build/Vision/build install --record /home/farhan/ros2_gazebo/build/Vision/install.log --single-version-externally-managed install_data
