[0.481s] DEBUG:colcon:Command line arguments: ['/usr/bin/colcon', 'build']
[0.481s] DEBUG:colcon:Parsed command line arguments: Namespace(log_base=None, log_level=None, verb_name='build', build_base='build', install_base='install', merge_install=False, symlink_install=False, test_result_base=None, continue_on_error=False, executor='parallel', parallel_workers=8, event_handlers=None, ignore_user_meta=False, metas=['./colcon.meta'], base_paths=['.'], packages_ignore=None, packages_ignore_regex=None, paths=None, packages_up_to=None, packages_up_to_regex=None, packages_above=None, packages_above_and_dependencies=None, packages_above_depth=None, packages_select_by_dep=None, packages_skip_by_dep=None, packages_skip_up_to=None, packages_select_build_failed=False, packages_skip_build_finished=False, packages_select_test_failures=False, packages_skip_test_passed=False, packages_select=None, packages_skip=None, packages_select_regex=None, packages_skip_regex=None, packages_start=None, packages_end=None, allow_overriding=[], cmake_args=None, cmake_target=None, cmake_target_skip_unavailable=False, cmake_clean_cache=False, cmake_clean_first=False, cmake_force_configure=False, ament_cmake_args=None, catkin_cmake_args=None, catkin_skip_building_tests=False, mixin_files=None, mixin=None, verb_parser=<colcon_mixin.mixin.mixin_argument.MixinArgumentDecorator object at 0x791e18151840>, verb_extension=<colcon_core.verb.build.BuildVerb object at 0x791e182caef0>, main=<bound method BuildVerb.main of <colcon_core.verb.build.BuildVerb object at 0x791e182caef0>>, mixin_verb=('build',))
[2.238s] Level 1:colcon.colcon_core.package_discovery:discover_packages(colcon_meta) check parameters
[2.238s] Level 1:colcon.colcon_core.package_discovery:discover_packages(recursive) check parameters
[2.238s] Level 1:colcon.colcon_core.package_discovery:discover_packages(ignore) check parameters
[2.238s] Level 1:colcon.colcon_core.package_discovery:discover_packages(path) check parameters
[2.238s] Level 1:colcon.colcon_core.package_discovery:discover_packages(colcon_meta) discover
[2.238s] Level 1:colcon.colcon_core.package_discovery:discover_packages(recursive) discover
[2.238s] INFO:colcon.colcon_core.package_discovery:Crawling recursively for packages in '/home/farhan/ros2_gazebo'
[2.238s] Level 1:colcon.colcon_core.package_identification:_identify(.) by extensions ['ignore', 'ignore_ament_install']
[2.238s] Level 1:colcon.colcon_core.package_identification:_identify(.) by extension 'ignore'
[2.239s] Level 1:colcon.colcon_core.package_identification:_identify(.) by extension 'ignore_ament_install'
[2.239s] Level 1:colcon.colcon_core.package_identification:_identify(.) by extensions ['colcon_pkg']
[2.239s] Level 1:colcon.colcon_core.package_identification:_identify(.) by extension 'colcon_pkg'
[2.239s] Level 1:colcon.colcon_core.package_identification:_identify(.) by extensions ['colcon_meta']
[2.239s] Level 1:colcon.colcon_core.package_identification:_identify(.) by extension 'colcon_meta'
[2.239s] Level 1:colcon.colcon_core.package_identification:_identify(.) by extensions ['ros']
[2.239s] Level 1:colcon.colcon_core.package_identification:_identify(.) by extension 'ros'
[2.404s] Level 1:colcon.colcon_core.package_identification:_identify(.) by extensions ['cmake', 'python']
[2.405s] Level 1:colcon.colcon_core.package_identification:_identify(.) by extension 'cmake'
[2.405s] Level 1:colcon.colcon_core.package_identification:_identify(.) by extension 'python'
[2.405s] Level 1:colcon.colcon_core.package_identification:_identify(.) by extensions ['python_setup_py']
[2.405s] Level 1:colcon.colcon_core.package_identification:_identify(.) by extension 'python_setup_py'
[2.406s] Level 1:colcon.colcon_core.package_identification:_identify(build) by extensions ['ignore', 'ignore_ament_install']
[2.406s] Level 1:colcon.colcon_core.package_identification:_identify(build) by extension 'ignore'
[2.406s] Level 1:colcon.colcon_core.package_identification:_identify(build) ignored
[2.406s] Level 1:colcon.colcon_core.package_identification:_identify(install) by extensions ['ignore', 'ignore_ament_install']
[2.407s] Level 1:colcon.colcon_core.package_identification:_identify(install) by extension 'ignore'
[2.407s] Level 1:colcon.colcon_core.package_identification:_identify(install) ignored
[2.407s] Level 1:colcon.colcon_core.package_identification:_identify(log) by extensions ['ignore', 'ignore_ament_install']
[2.407s] Level 1:colcon.colcon_core.package_identification:_identify(log) by extension 'ignore'
[2.408s] Level 1:colcon.colcon_core.package_identification:_identify(log) ignored
[2.408s] Level 1:colcon.colcon_core.package_identification:_identify(src) by extensions ['ignore', 'ignore_ament_install']
[2.408s] Level 1:colcon.colcon_core.package_identification:_identify(src) by extension 'ignore'
[2.408s] Level 1:colcon.colcon_core.package_identification:_identify(src) by extension 'ignore_ament_install'
[2.408s] Level 1:colcon.colcon_core.package_identification:_identify(src) by extensions ['colcon_pkg']
[2.408s] Level 1:colcon.colcon_core.package_identification:_identify(src) by extension 'colcon_pkg'
[2.409s] Level 1:colcon.colcon_core.package_identification:_identify(src) by extensions ['colcon_meta']
[2.409s] Level 1:colcon.colcon_core.package_identification:_identify(src) by extension 'colcon_meta'
[2.409s] Level 1:colcon.colcon_core.package_identification:_identify(src) by extensions ['ros']
[2.409s] Level 1:colcon.colcon_core.package_identification:_identify(src) by extension 'ros'
[2.409s] Level 1:colcon.colcon_core.package_identification:_identify(src) by extensions ['cmake', 'python']
[2.409s] Level 1:colcon.colcon_core.package_identification:_identify(src) by extension 'cmake'
[2.409s] Level 1:colcon.colcon_core.package_identification:_identify(src) by extension 'python'
[2.410s] Level 1:colcon.colcon_core.package_identification:_identify(src) by extensions ['python_setup_py']
[2.410s] Level 1:colcon.colcon_core.package_identification:_identify(src) by extension 'python_setup_py'
[2.410s] Level 1:colcon.colcon_core.package_identification:_identify(src/Vision) by extensions ['ignore', 'ignore_ament_install']
[2.410s] Level 1:colcon.colcon_core.package_identification:_identify(src/Vision) by extension 'ignore'
[2.410s] Level 1:colcon.colcon_core.package_identification:_identify(src/Vision) by extension 'ignore_ament_install'
[2.410s] Level 1:colcon.colcon_core.package_identification:_identify(src/Vision) by extensions ['colcon_pkg']
[2.411s] Level 1:colcon.colcon_core.package_identification:_identify(src/Vision) by extension 'colcon_pkg'
[2.411s] Level 1:colcon.colcon_core.package_identification:_identify(src/Vision) by extensions ['colcon_meta']
[2.411s] Level 1:colcon.colcon_core.package_identification:_identify(src/Vision) by extension 'colcon_meta'
[2.411s] Level 1:colcon.colcon_core.package_identification:_identify(src/Vision) by extensions ['ros']
[2.411s] Level 1:colcon.colcon_core.package_identification:_identify(src/Vision) by extension 'ros'
[2.458s] DEBUG:colcon.colcon_core.package_identification:Package 'src/Vision' with type 'ros.ament_python' and name 'Vision'
[2.458s] Level 1:colcon.colcon_core.package_identification:_identify(src/opencv_test_py) by extensions ['ignore', 'ignore_ament_install']
[2.459s] Level 1:colcon.colcon_core.package_identification:_identify(src/opencv_test_py) by extension 'ignore'
[2.459s] Level 1:colcon.colcon_core.package_identification:_identify(src/opencv_test_py) by extension 'ignore_ament_install'
[2.459s] Level 1:colcon.colcon_core.package_identification:_identify(src/opencv_test_py) by extensions ['colcon_pkg']
[2.459s] Level 1:colcon.colcon_core.package_identification:_identify(src/opencv_test_py) by extension 'colcon_pkg'
[2.459s] Level 1:colcon.colcon_core.package_identification:_identify(src/opencv_test_py) by extensions ['colcon_meta']
[2.459s] Level 1:colcon.colcon_core.package_identification:_identify(src/opencv_test_py) by extension 'colcon_meta'
[2.460s] Level 1:colcon.colcon_core.package_identification:_identify(src/opencv_test_py) by extensions ['ros']
[2.460s] Level 1:colcon.colcon_core.package_identification:_identify(src/opencv_test_py) by extension 'ros'
[2.463s] DEBUG:colcon.colcon_core.package_identification:Package 'src/opencv_test_py' with type 'ros.ament_python' and name 'opencv_test_py'
[2.463s] Level 1:colcon.colcon_core.package_identification:_identify(src/rrbot_description) by extensions ['ignore', 'ignore_ament_install']
[2.463s] Level 1:colcon.colcon_core.package_identification:_identify(src/rrbot_description) by extension 'ignore'
[2.463s] Level 1:colcon.colcon_core.package_identification:_identify(src/rrbot_description) by extension 'ignore_ament_install'
[2.464s] Level 1:colcon.colcon_core.package_identification:_identify(src/rrbot_description) by extensions ['colcon_pkg']
[2.464s] Level 1:colcon.colcon_core.package_identification:_identify(src/rrbot_description) by extension 'colcon_pkg'
[2.464s] Level 1:colcon.colcon_core.package_identification:_identify(src/rrbot_description) by extensions ['colcon_meta']
[2.464s] Level 1:colcon.colcon_core.package_identification:_identify(src/rrbot_description) by extension 'colcon_meta'
[2.464s] Level 1:colcon.colcon_core.package_identification:_identify(src/rrbot_description) by extensions ['ros']
[2.464s] Level 1:colcon.colcon_core.package_identification:_identify(src/rrbot_description) by extension 'ros'
[2.480s] DEBUG:colcon.colcon_core.package_identification:Package 'src/rrbot_description' with type 'ros.ament_cmake' and name 'rrbot_description'
[2.480s] Level 1:colcon.colcon_core.package_identification:_identify(src/rrbot_gazebo) by extensions ['ignore', 'ignore_ament_install']
[2.481s] Level 1:colcon.colcon_core.package_identification:_identify(src/rrbot_gazebo) by extension 'ignore'
[2.481s] Level 1:colcon.colcon_core.package_identification:_identify(src/rrbot_gazebo) by extension 'ignore_ament_install'
[2.481s] Level 1:colcon.colcon_core.package_identification:_identify(src/rrbot_gazebo) by extensions ['colcon_pkg']
[2.481s] Level 1:colcon.colcon_core.package_identification:_identify(src/rrbot_gazebo) by extension 'colcon_pkg'
[2.481s] Level 1:colcon.colcon_core.package_identification:_identify(src/rrbot_gazebo) by extensions ['colcon_meta']
[2.481s] Level 1:colcon.colcon_core.package_identification:_identify(src/rrbot_gazebo) by extension 'colcon_meta'
[2.482s] Level 1:colcon.colcon_core.package_identification:_identify(src/rrbot_gazebo) by extensions ['ros']
[2.482s] Level 1:colcon.colcon_core.package_identification:_identify(src/rrbot_gazebo) by extension 'ros'
[2.485s] DEBUG:colcon.colcon_core.package_identification:Package 'src/rrbot_gazebo' with type 'ros.ament_cmake' and name 'rrbot_gazebo'
[2.485s] Level 1:colcon.colcon_core.package_discovery:discover_packages(recursive) using defaults
[2.485s] Level 1:colcon.colcon_core.package_discovery:discover_packages(ignore) discover
[2.485s] Level 1:colcon.colcon_core.package_discovery:discover_packages(ignore) using defaults
[2.486s] Level 1:colcon.colcon_core.package_discovery:discover_packages(path) discover
[2.486s] Level 1:colcon.colcon_core.package_discovery:discover_packages(path) using defaults
[2.688s] Level 1:colcon.colcon_core.package_discovery:discover_packages(prefix_path) check parameters
[2.688s] Level 1:colcon.colcon_core.package_discovery:discover_packages(prefix_path) discover
[2.692s] DEBUG:colcon.colcon_installed_package_information.package_discovery:Found 4 installed packages in /home/farhan/ros2_gazebo/install
[8.864s] DEBUG:colcon.colcon_installed_package_information.package_discovery:Found 313 installed packages in /home/farhan/ros2_humble/install
[8.901s] DEBUG:colcon.colcon_installed_package_information.package_discovery:Found 242 installed packages in /opt/ros/humble
[8.915s] Level 1:colcon.colcon_core.package_discovery:discover_packages(prefix_path) using defaults
[20.528s] Level 5:colcon.colcon_core.verb:set package 'Vision' build argument 'cmake_args' from command line to 'None'
[20.528s] Level 5:colcon.colcon_core.verb:set package 'Vision' build argument 'cmake_target' from command line to 'None'
[20.528s] Level 5:colcon.colcon_core.verb:set package 'Vision' build argument 'cmake_target_skip_unavailable' from command line to 'False'
[20.528s] Level 5:colcon.colcon_core.verb:set package 'Vision' build argument 'cmake_clean_cache' from command line to 'False'
[20.528s] Level 5:colcon.colcon_core.verb:set package 'Vision' build argument 'cmake_clean_first' from command line to 'False'
[20.528s] Level 5:colcon.colcon_core.verb:set package 'Vision' build argument 'cmake_force_configure' from command line to 'False'
[20.529s] Level 5:colcon.colcon_core.verb:set package 'Vision' build argument 'ament_cmake_args' from command line to 'None'
[20.529s] Level 5:colcon.colcon_core.verb:set package 'Vision' build argument 'catkin_cmake_args' from command line to 'None'
[20.529s] Level 5:colcon.colcon_core.verb:set package 'Vision' build argument 'catkin_skip_building_tests' from command line to 'False'
[20.529s] DEBUG:colcon.colcon_core.verb:Building package 'Vision' with the following arguments: {'ament_cmake_args': None, 'build_base': '/home/farhan/ros2_gazebo/build/Vision', 'catkin_cmake_args': None, 'catkin_skip_building_tests': False, 'cmake_args': None, 'cmake_clean_cache': False, 'cmake_clean_first': False, 'cmake_force_configure': False, 'cmake_target': None, 'cmake_target_skip_unavailable': False, 'install_base': '/home/farhan/ros2_gazebo/install/Vision', 'merge_install': False, 'path': '/home/farhan/ros2_gazebo/src/Vision', 'symlink_install': False, 'test_result_base': None}
[20.529s] Level 5:colcon.colcon_core.verb:set package 'opencv_test_py' build argument 'cmake_args' from command line to 'None'
[20.529s] Level 5:colcon.colcon_core.verb:set package 'opencv_test_py' build argument 'cmake_target' from command line to 'None'
[20.529s] Level 5:colcon.colcon_core.verb:set package 'opencv_test_py' build argument 'cmake_target_skip_unavailable' from command line to 'False'
[20.529s] Level 5:colcon.colcon_core.verb:set package 'opencv_test_py' build argument 'cmake_clean_cache' from command line to 'False'
[20.529s] Level 5:colcon.colcon_core.verb:set package 'opencv_test_py' build argument 'cmake_clean_first' from command line to 'False'
[20.529s] Level 5:colcon.colcon_core.verb:set package 'opencv_test_py' build argument 'cmake_force_configure' from command line to 'False'
[20.529s] Level 5:colcon.colcon_core.verb:set package 'opencv_test_py' build argument 'ament_cmake_args' from command line to 'None'
[20.529s] Level 5:colcon.colcon_core.verb:set package 'opencv_test_py' build argument 'catkin_cmake_args' from command line to 'None'
[20.529s] Level 5:colcon.colcon_core.verb:set package 'opencv_test_py' build argument 'catkin_skip_building_tests' from command line to 'False'
[20.529s] DEBUG:colcon.colcon_core.verb:Building package 'opencv_test_py' with the following arguments: {'ament_cmake_args': None, 'build_base': '/home/farhan/ros2_gazebo/build/opencv_test_py', 'catkin_cmake_args': None, 'catkin_skip_building_tests': False, 'cmake_args': None, 'cmake_clean_cache': False, 'cmake_clean_first': False, 'cmake_force_configure': False, 'cmake_target': None, 'cmake_target_skip_unavailable': False, 'install_base': '/home/farhan/ros2_gazebo/install/opencv_test_py', 'merge_install': False, 'path': '/home/farhan/ros2_gazebo/src/opencv_test_py', 'symlink_install': False, 'test_result_base': None}
[20.530s] Level 5:colcon.colcon_core.verb:set package 'rrbot_description' build argument 'cmake_args' from command line to 'None'
[20.530s] Level 5:colcon.colcon_core.verb:set package 'rrbot_description' build argument 'cmake_target' from command line to 'None'
[20.530s] Level 5:colcon.colcon_core.verb:set package 'rrbot_description' build argument 'cmake_target_skip_unavailable' from command line to 'False'
[20.530s] Level 5:colcon.colcon_core.verb:set package 'rrbot_description' build argument 'cmake_clean_cache' from command line to 'False'
[20.530s] Level 5:colcon.colcon_core.verb:set package 'rrbot_description' build argument 'cmake_clean_first' from command line to 'False'
[20.530s] Level 5:colcon.colcon_core.verb:set package 'rrbot_description' build argument 'cmake_force_configure' from command line to 'False'
[20.530s] Level 5:colcon.colcon_core.verb:set package 'rrbot_description' build argument 'ament_cmake_args' from command line to 'None'
[20.530s] Level 5:colcon.colcon_core.verb:set package 'rrbot_description' build argument 'catkin_cmake_args' from command line to 'None'
[20.530s] Level 5:colcon.colcon_core.verb:set package 'rrbot_description' build argument 'catkin_skip_building_tests' from command line to 'False'
[20.530s] DEBUG:colcon.colcon_core.verb:Building package 'rrbot_description' with the following arguments: {'ament_cmake_args': None, 'build_base': '/home/farhan/ros2_gazebo/build/rrbot_description', 'catkin_cmake_args': None, 'catkin_skip_building_tests': False, 'cmake_args': None, 'cmake_clean_cache': False, 'cmake_clean_first': False, 'cmake_force_configure': False, 'cmake_target': None, 'cmake_target_skip_unavailable': False, 'install_base': '/home/farhan/ros2_gazebo/install/rrbot_description', 'merge_install': False, 'path': '/home/farhan/ros2_gazebo/src/rrbot_description', 'symlink_install': False, 'test_result_base': None}
[20.530s] Level 5:colcon.colcon_core.verb:set package 'rrbot_gazebo' build argument 'cmake_args' from command line to 'None'
[20.530s] Level 5:colcon.colcon_core.verb:set package 'rrbot_gazebo' build argument 'cmake_target' from command line to 'None'
[20.530s] Level 5:colcon.colcon_core.verb:set package 'rrbot_gazebo' build argument 'cmake_target_skip_unavailable' from command line to 'False'
[20.530s] Level 5:colcon.colcon_core.verb:set package 'rrbot_gazebo' build argument 'cmake_clean_cache' from command line to 'False'
[20.530s] Level 5:colcon.colcon_core.verb:set package 'rrbot_gazebo' build argument 'cmake_clean_first' from command line to 'False'
[20.530s] Level 5:colcon.colcon_core.verb:set package 'rrbot_gazebo' build argument 'cmake_force_configure' from command line to 'False'
[20.530s] Level 5:colcon.colcon_core.verb:set package 'rrbot_gazebo' build argument 'ament_cmake_args' from command line to 'None'
[20.530s] Level 5:colcon.colcon_core.verb:set package 'rrbot_gazebo' build argument 'catkin_cmake_args' from command line to 'None'
[20.530s] Level 5:colcon.colcon_core.verb:set package 'rrbot_gazebo' build argument 'catkin_skip_building_tests' from command line to 'False'
[20.530s] DEBUG:colcon.colcon_core.verb:Building package 'rrbot_gazebo' with the following arguments: {'ament_cmake_args': None, 'build_base': '/home/farhan/ros2_gazebo/build/rrbot_gazebo', 'catkin_cmake_args': None, 'catkin_skip_building_tests': False, 'cmake_args': None, 'cmake_clean_cache': False, 'cmake_clean_first': False, 'cmake_force_configure': False, 'cmake_target': None, 'cmake_target_skip_unavailable': False, 'install_base': '/home/farhan/ros2_gazebo/install/rrbot_gazebo', 'merge_install': False, 'path': '/home/farhan/ros2_gazebo/src/rrbot_gazebo', 'symlink_install': False, 'test_result_base': None}
[20.531s] INFO:colcon.colcon_core.executor:Executing jobs using 'parallel' executor
[20.532s] DEBUG:colcon.colcon_parallel_executor.executor.parallel:run_until_complete
[20.532s] INFO:colcon.colcon_ros.task.ament_cmake.build:Building ROS package in '/home/farhan/ros2_gazebo/src/rrbot_description' with build type 'ament_cmake'
[20.532s] INFO:colcon.colcon_cmake.task.cmake.build:Building CMake package in '/home/farhan/ros2_gazebo/src/rrbot_description'
[20.562s] INFO:colcon.colcon_core.plugin_system:Skipping extension 'colcon_core.shell.bat': Not used on non-Windows systems
[20.562s] INFO:colcon.colcon_core.shell:Skip shell extension 'powershell' for command environment: Not usable outside of PowerShell
[20.562s] DEBUG:colcon.colcon_core.shell:Skip shell extension 'dsv' for command environment
[20.629s] INFO:colcon.colcon_ros.task.ament_python.build:Building ROS package in '/home/farhan/ros2_gazebo/src/Vision' with build type 'ament_python'
[20.629s] Level 1:colcon.colcon_core.shell:create_environment_hook('Vision', 'ament_prefix_path')
[20.630s] INFO:colcon.colcon_core.shell:Creating environment hook '/home/farhan/ros2_gazebo/install/Vision/share/Vision/hook/ament_prefix_path.ps1'
[20.641s] INFO:colcon.colcon_core.shell:Creating environment descriptor '/home/farhan/ros2_gazebo/install/Vision/share/Vision/hook/ament_prefix_path.dsv'
[20.643s] INFO:colcon.colcon_core.shell:Creating environment hook '/home/farhan/ros2_gazebo/install/Vision/share/Vision/hook/ament_prefix_path.sh'
[20.647s] INFO:colcon.colcon_core.shell:Skip shell extension 'powershell' for command environment: Not usable outside of PowerShell
[20.647s] DEBUG:colcon.colcon_core.shell:Skip shell extension 'dsv' for command environment
[20.660s] INFO:colcon.colcon_ros.task.ament_python.build:Building ROS package in '/home/farhan/ros2_gazebo/src/opencv_test_py' with build type 'ament_python'
[20.661s] Level 1:colcon.colcon_core.shell:create_environment_hook('opencv_test_py', 'ament_prefix_path')
[20.661s] INFO:colcon.colcon_core.shell:Creating environment hook '/home/farhan/ros2_gazebo/install/opencv_test_py/share/opencv_test_py/hook/ament_prefix_path.ps1'
[20.661s] INFO:colcon.colcon_core.shell:Creating environment descriptor '/home/farhan/ros2_gazebo/install/opencv_test_py/share/opencv_test_py/hook/ament_prefix_path.dsv'
[20.662s] INFO:colcon.colcon_core.shell:Creating environment hook '/home/farhan/ros2_gazebo/install/opencv_test_py/share/opencv_test_py/hook/ament_prefix_path.sh'
[20.662s] INFO:colcon.colcon_core.shell:Skip shell extension 'powershell' for command environment: Not usable outside of PowerShell
[20.662s] DEBUG:colcon.colcon_core.shell:Skip shell extension 'dsv' for command environment
[20.753s] DEBUG:colcon.colcon_core.event_handler.log_command:Invoking command in '/home/farhan/ros2_gazebo/build/rrbot_description': CMAKE_PREFIX_PATH=${CMAKE_PREFIX_PATH}:/home/farhan/ros2_gazebo/install/opencv_test_py:/home/farhan/ros2_gazebo/install/Vision:/opt/ros/humble /usr/bin/cmake --build /home/farhan/ros2_gazebo/build/rrbot_description -- -j8 -l8
[21.265s] INFO:colcon.colcon_core.task.python.build:Building Python package in '/home/farhan/ros2_gazebo/src/Vision'
[21.265s] INFO:colcon.colcon_core.shell:Skip shell extension 'powershell' for command environment: Not usable outside of PowerShell
[21.265s] DEBUG:colcon.colcon_core.shell:Skip shell extension 'dsv' for command environment
[21.513s] INFO:colcon.colcon_core.task.python.build:Building Python package in '/home/farhan/ros2_gazebo/src/opencv_test_py'
[21.514s] INFO:colcon.colcon_core.shell:Skip shell extension 'powershell' for command environment: Not usable outside of PowerShell
[21.514s] DEBUG:colcon.colcon_core.shell:Skip shell extension 'dsv' for command environment
[21.872s] DEBUG:colcon.colcon_core.event_handler.log_command:Invoked command in '/home/farhan/ros2_gazebo/build/rrbot_description' returned '0': CMAKE_PREFIX_PATH=${CMAKE_PREFIX_PATH}:/home/farhan/ros2_gazebo/install/opencv_test_py:/home/farhan/ros2_gazebo/install/Vision:/opt/ros/humble /usr/bin/cmake --build /home/farhan/ros2_gazebo/build/rrbot_description -- -j8 -l8
[21.900s] DEBUG:colcon.colcon_core.event_handler.log_command:Invoking command in '/home/farhan/ros2_gazebo/build/rrbot_description': CMAKE_PREFIX_PATH=${CMAKE_PREFIX_PATH}:/home/farhan/ros2_gazebo/install/opencv_test_py:/home/farhan/ros2_gazebo/install/Vision:/opt/ros/humble /usr/bin/cmake --install /home/farhan/ros2_gazebo/build/rrbot_description
[21.923s] Level 1:colcon.colcon_core.environment:create_environment_scripts_only(rrbot_description)
[21.923s] DEBUG:colcon.colcon_core.event_handler.log_command:Invoked command in '/home/farhan/ros2_gazebo/build/rrbot_description' returned '0': CMAKE_PREFIX_PATH=${CMAKE_PREFIX_PATH}:/home/farhan/ros2_gazebo/install/opencv_test_py:/home/farhan/ros2_gazebo/install/Vision:/opt/ros/humble /usr/bin/cmake --install /home/farhan/ros2_gazebo/build/rrbot_description
[21.956s] Level 1:colcon.colcon_core.environment:checking '/home/farhan/ros2_gazebo/install/rrbot_description' for CMake module files
[21.957s] Level 1:colcon.colcon_core.environment:checking '/home/farhan/ros2_gazebo/install/rrbot_description' for CMake config files
[21.958s] Level 1:colcon.colcon_core.shell:create_environment_hook('rrbot_description', 'cmake_prefix_path')
[21.958s] INFO:colcon.colcon_core.shell:Creating environment hook '/home/farhan/ros2_gazebo/install/rrbot_description/share/rrbot_description/hook/cmake_prefix_path.ps1'
[21.958s] INFO:colcon.colcon_core.shell:Creating environment descriptor '/home/farhan/ros2_gazebo/install/rrbot_description/share/rrbot_description/hook/cmake_prefix_path.dsv'
[21.959s] INFO:colcon.colcon_core.shell:Creating environment hook '/home/farhan/ros2_gazebo/install/rrbot_description/share/rrbot_description/hook/cmake_prefix_path.sh'
[21.959s] Level 1:colcon.colcon_core.environment:checking '/home/farhan/ros2_gazebo/install/rrbot_description/bin'
[21.959s] Level 1:colcon.colcon_core.environment:checking '/home/farhan/ros2_gazebo/install/rrbot_description/lib/pkgconfig/rrbot_description.pc'
[21.960s] Level 1:colcon.colcon_core.environment:checking '/home/farhan/ros2_gazebo/install/rrbot_description/lib/python3.10/site-packages'
[21.960s] Level 1:colcon.colcon_core.environment:checking '/home/farhan/ros2_gazebo/install/rrbot_description/bin'
[21.960s] INFO:colcon.colcon_core.shell:Creating package script '/home/farhan/ros2_gazebo/install/rrbot_description/share/rrbot_description/package.ps1'
[21.961s] INFO:colcon.colcon_core.shell:Creating package descriptor '/home/farhan/ros2_gazebo/install/rrbot_description/share/rrbot_description/package.dsv'
[21.963s] INFO:colcon.colcon_core.shell:Creating package script '/home/farhan/ros2_gazebo/install/rrbot_description/share/rrbot_description/package.sh'
[21.964s] INFO:colcon.colcon_core.shell:Creating package script '/home/farhan/ros2_gazebo/install/rrbot_description/share/rrbot_description/package.bash'
[21.980s] INFO:colcon.colcon_core.shell:Creating package script '/home/farhan/ros2_gazebo/install/rrbot_description/share/rrbot_description/package.zsh'
[21.983s] Level 1:colcon.colcon_core.environment:create_file_with_runtime_dependencies(/home/farhan/ros2_gazebo/install/rrbot_description/share/colcon-core/packages/rrbot_description)
[22.001s] Level 1:colcon.colcon_core.environment:create_environment_scripts_only(rrbot_description)
[22.001s] Level 1:colcon.colcon_core.environment:checking '/home/farhan/ros2_gazebo/install/rrbot_description' for CMake module files
[22.001s] Level 1:colcon.colcon_core.environment:checking '/home/farhan/ros2_gazebo/install/rrbot_description' for CMake config files
[22.002s] Level 1:colcon.colcon_core.shell:create_environment_hook('rrbot_description', 'cmake_prefix_path')
[22.002s] INFO:colcon.colcon_core.shell:Creating environment hook '/home/farhan/ros2_gazebo/install/rrbot_description/share/rrbot_description/hook/cmake_prefix_path.ps1'
[22.002s] INFO:colcon.colcon_core.shell:Creating environment descriptor '/home/farhan/ros2_gazebo/install/rrbot_description/share/rrbot_description/hook/cmake_prefix_path.dsv'
[22.002s] INFO:colcon.colcon_core.shell:Creating environment hook '/home/farhan/ros2_gazebo/install/rrbot_description/share/rrbot_description/hook/cmake_prefix_path.sh'
[22.003s] Level 1:colcon.colcon_core.environment:checking '/home/farhan/ros2_gazebo/install/rrbot_description/bin'
[22.003s] Level 1:colcon.colcon_core.environment:checking '/home/farhan/ros2_gazebo/install/rrbot_description/lib/pkgconfig/rrbot_description.pc'
[22.003s] Level 1:colcon.colcon_core.environment:checking '/home/farhan/ros2_gazebo/install/rrbot_description/lib/python3.10/site-packages'
[22.003s] Level 1:colcon.colcon_core.environment:checking '/home/farhan/ros2_gazebo/install/rrbot_description/bin'
[22.004s] INFO:colcon.colcon_core.shell:Creating package script '/home/farhan/ros2_gazebo/install/rrbot_description/share/rrbot_description/package.ps1'
[22.004s] INFO:colcon.colcon_core.shell:Creating package descriptor '/home/farhan/ros2_gazebo/install/rrbot_description/share/rrbot_description/package.dsv'
[22.005s] INFO:colcon.colcon_core.shell:Creating package script '/home/farhan/ros2_gazebo/install/rrbot_description/share/rrbot_description/package.sh'
[22.005s] INFO:colcon.colcon_core.shell:Creating package script '/home/farhan/ros2_gazebo/install/rrbot_description/share/rrbot_description/package.bash'
[22.005s] INFO:colcon.colcon_core.shell:Creating package script '/home/farhan/ros2_gazebo/install/rrbot_description/share/rrbot_description/package.zsh'
[22.005s] Level 1:colcon.colcon_core.environment:create_file_with_runtime_dependencies(/home/farhan/ros2_gazebo/install/rrbot_description/share/colcon-core/packages/rrbot_description)
[22.006s] INFO:colcon.colcon_ros.task.ament_cmake.build:Building ROS package in '/home/farhan/ros2_gazebo/src/rrbot_gazebo' with build type 'ament_cmake'
[22.006s] INFO:colcon.colcon_cmake.task.cmake.build:Building CMake package in '/home/farhan/ros2_gazebo/src/rrbot_gazebo'
[22.006s] INFO:colcon.colcon_core.shell:Skip shell extension 'powershell' for command environment: Not usable outside of PowerShell
[22.006s] DEBUG:colcon.colcon_core.shell:Skip shell extension 'dsv' for command environment
[22.110s] DEBUG:colcon.colcon_core.event_handler.log_command:Invoking command in '/home/farhan/ros2_gazebo/build/rrbot_gazebo': CMAKE_PREFIX_PATH=/home/farhan/ros2_gazebo/install/rrbot_description:/home/farhan/ros2_gazebo/install/rrbot_gazebo:/home/farhan/ros2_gazebo/install/opencv_test_py:/home/farhan/ros2_gazebo/install/Vision:/opt/ros/humble /usr/bin/cmake --build /home/farhan/ros2_gazebo/build/rrbot_gazebo -- -j8 -l8
[23.943s] DEBUG:colcon.colcon_core.event_handler.log_command:Invoking command in '/home/farhan/ros2_gazebo/src/Vision': PYTHONPATH=/home/farhan/ros2_gazebo/build/Vision/prefix_override:/usr/lib/python3/dist-packages/colcon_core/task/python/colcon_distutils_commands:/home/farhan/ros2_gazebo/install/Vision/lib/python3.10/site-packages:${PYTHONPATH} /usr/bin/python3 -W ignore:setup.py install is deprecated setup.py egg_info --egg-base ../../build/Vision build --build-base /home/farhan/ros2_gazebo/build/Vision/build install --record /home/farhan/ros2_gazebo/build/Vision/install.log --single-version-externally-managed install_data
[23.950s] DEBUG:colcon.colcon_core.event_handler.log_command:Invoking command in '/home/farhan/ros2_gazebo/src/opencv_test_py': PYTHONPATH=/home/farhan/ros2_gazebo/build/opencv_test_py/prefix_override:/usr/lib/python3/dist-packages/colcon_core/task/python/colcon_distutils_commands:/home/farhan/ros2_gazebo/install/opencv_test_py/lib/python3.10/site-packages:${PYTHONPATH} /usr/bin/python3 -W ignore:setup.py install is deprecated setup.py egg_info --egg-base ../../build/opencv_test_py build --build-base /home/farhan/ros2_gazebo/build/opencv_test_py/build install --record /home/farhan/ros2_gazebo/build/opencv_test_py/install.log --single-version-externally-managed install_data
[24.407s] Level 1:colcon.colcon_core.environment:checking '/home/farhan/ros2_gazebo/install/Vision' for CMake module files
[24.408s] DEBUG:colcon.colcon_core.event_handler.log_command:Invoked command in '/home/farhan/ros2_gazebo/src/Vision' returned '0': PYTHONPATH=/home/farhan/ros2_gazebo/build/Vision/prefix_override:/usr/lib/python3/dist-packages/colcon_core/task/python/colcon_distutils_commands:/home/farhan/ros2_gazebo/install/Vision/lib/python3.10/site-packages:${PYTHONPATH} /usr/bin/python3 -W ignore:setup.py install is deprecated setup.py egg_info --egg-base ../../build/Vision build --build-base /home/farhan/ros2_gazebo/build/Vision/build install --record /home/farhan/ros2_gazebo/build/Vision/install.log --single-version-externally-managed install_data
[24.408s] Level 1:colcon.colcon_core.environment:checking '/home/farhan/ros2_gazebo/install/Vision' for CMake config files
[24.409s] Level 1:colcon.colcon_core.environment:checking '/home/farhan/ros2_gazebo/install/Vision/lib'
[24.409s] Level 1:colcon.colcon_core.environment:checking '/home/farhan/ros2_gazebo/install/Vision/bin'
[24.409s] Level 1:colcon.colcon_core.environment:checking '/home/farhan/ros2_gazebo/install/Vision/lib/pkgconfig/Vision.pc'
[24.410s] Level 1:colcon.colcon_core.environment:checking '/home/farhan/ros2_gazebo/install/Vision/lib/python3.10/site-packages'
[24.410s] Level 1:colcon.colcon_core.shell:create_environment_hook('Vision', 'pythonpath')
[24.410s] INFO:colcon.colcon_core.shell:Creating environment hook '/home/farhan/ros2_gazebo/install/Vision/share/Vision/hook/pythonpath.ps1'
[24.410s] INFO:colcon.colcon_core.shell:Creating environment descriptor '/home/farhan/ros2_gazebo/install/Vision/share/Vision/hook/pythonpath.dsv'
[24.411s] INFO:colcon.colcon_core.shell:Creating environment hook '/home/farhan/ros2_gazebo/install/Vision/share/Vision/hook/pythonpath.sh'
[24.411s] Level 1:colcon.colcon_core.environment:checking '/home/farhan/ros2_gazebo/install/Vision/bin'
[24.411s] Level 1:colcon.colcon_core.environment:create_environment_scripts_only(Vision)
[24.412s] INFO:colcon.colcon_core.shell:Creating package script '/home/farhan/ros2_gazebo/install/Vision/share/Vision/package.ps1'
[24.412s] INFO:colcon.colcon_core.shell:Creating package descriptor '/home/farhan/ros2_gazebo/install/Vision/share/Vision/package.dsv'
[24.413s] INFO:colcon.colcon_core.shell:Creating package script '/home/farhan/ros2_gazebo/install/Vision/share/Vision/package.sh'
[24.413s] INFO:colcon.colcon_core.shell:Creating package script '/home/farhan/ros2_gazebo/install/Vision/share/Vision/package.bash'
[24.413s] INFO:colcon.colcon_core.shell:Creating package script '/home/farhan/ros2_gazebo/install/Vision/share/Vision/package.zsh'
[24.414s] Level 1:colcon.colcon_core.environment:create_file_with_runtime_dependencies(/home/farhan/ros2_gazebo/install/Vision/share/colcon-core/packages/Vision)
[24.470s] Level 1:colcon.colcon_core.environment:checking '/home/farhan/ros2_gazebo/install/opencv_test_py' for CMake module files
[24.471s] DEBUG:colcon.colcon_core.event_handler.log_command:Invoked command in '/home/farhan/ros2_gazebo/src/opencv_test_py' returned '0': PYTHONPATH=/home/farhan/ros2_gazebo/build/opencv_test_py/prefix_override:/usr/lib/python3/dist-packages/colcon_core/task/python/colcon_distutils_commands:/home/farhan/ros2_gazebo/install/opencv_test_py/lib/python3.10/site-packages:${PYTHONPATH} /usr/bin/python3 -W ignore:setup.py install is deprecated setup.py egg_info --egg-base ../../build/opencv_test_py build --build-base /home/farhan/ros2_gazebo/build/opencv_test_py/build install --record /home/farhan/ros2_gazebo/build/opencv_test_py/install.log --single-version-externally-managed install_data
[24.471s] Level 1:colcon.colcon_core.environment:checking '/home/farhan/ros2_gazebo/install/opencv_test_py' for CMake config files
[24.530s] Level 1:colcon.colcon_core.environment:checking '/home/farhan/ros2_gazebo/install/opencv_test_py/lib'
[24.530s] Level 1:colcon.colcon_core.environment:checking '/home/farhan/ros2_gazebo/install/opencv_test_py/bin'
[24.530s] Level 1:colcon.colcon_core.environment:checking '/home/farhan/ros2_gazebo/install/opencv_test_py/lib/pkgconfig/opencv_test_py.pc'
[24.531s] Level 1:colcon.colcon_core.environment:checking '/home/farhan/ros2_gazebo/install/opencv_test_py/lib/python3.10/site-packages'
[24.531s] Level 1:colcon.colcon_core.shell:create_environment_hook('opencv_test_py', 'pythonpath')
[24.532s] INFO:colcon.colcon_core.shell:Creating environment hook '/home/farhan/ros2_gazebo/install/opencv_test_py/share/opencv_test_py/hook/pythonpath.ps1'
[24.533s] INFO:colcon.colcon_core.shell:Creating environment descriptor '/home/farhan/ros2_gazebo/install/opencv_test_py/share/opencv_test_py/hook/pythonpath.dsv'
[24.534s] INFO:colcon.colcon_core.shell:Creating environment hook '/home/farhan/ros2_gazebo/install/opencv_test_py/share/opencv_test_py/hook/pythonpath.sh'
[24.535s] Level 1:colcon.colcon_core.environment:checking '/home/farhan/ros2_gazebo/install/opencv_test_py/bin'
[24.536s] Level 1:colcon.colcon_core.environment:create_environment_scripts_only(opencv_test_py)
[24.537s] INFO:colcon.colcon_core.shell:Creating package script '/home/farhan/ros2_gazebo/install/opencv_test_py/share/opencv_test_py/package.ps1'
[24.539s] INFO:colcon.colcon_core.shell:Creating package descriptor '/home/farhan/ros2_gazebo/install/opencv_test_py/share/opencv_test_py/package.dsv'
[24.541s] INFO:colcon.colcon_core.shell:Creating package script '/home/farhan/ros2_gazebo/install/opencv_test_py/share/opencv_test_py/package.sh'
[24.543s] INFO:colcon.colcon_core.shell:Creating package script '/home/farhan/ros2_gazebo/install/opencv_test_py/share/opencv_test_py/package.bash'
[24.544s] INFO:colcon.colcon_core.shell:Creating package script '/home/farhan/ros2_gazebo/install/opencv_test_py/share/opencv_test_py/package.zsh'
[24.546s] Level 1:colcon.colcon_core.environment:create_file_with_runtime_dependencies(/home/farhan/ros2_gazebo/install/opencv_test_py/share/colcon-core/packages/opencv_test_py)
[25.640s] DEBUG:colcon.colcon_core.event_handler.log_command:Invoked command in '/home/farhan/ros2_gazebo/build/rrbot_gazebo' returned '0': CMAKE_PREFIX_PATH=/home/farhan/ros2_gazebo/install/rrbot_description:/home/farhan/ros2_gazebo/install/rrbot_gazebo:/home/farhan/ros2_gazebo/install/opencv_test_py:/home/farhan/ros2_gazebo/install/Vision:/opt/ros/humble /usr/bin/cmake --build /home/farhan/ros2_gazebo/build/rrbot_gazebo -- -j8 -l8
[25.665s] DEBUG:colcon.colcon_core.event_handler.log_command:Invoking command in '/home/farhan/ros2_gazebo/build/rrbot_gazebo': CMAKE_PREFIX_PATH=/home/farhan/ros2_gazebo/install/rrbot_description:/home/farhan/ros2_gazebo/install/rrbot_gazebo:/home/farhan/ros2_gazebo/install/opencv_test_py:/home/farhan/ros2_gazebo/install/Vision:/opt/ros/humble /usr/bin/cmake --install /home/farhan/ros2_gazebo/build/rrbot_gazebo
[25.795s] Level 1:colcon.colcon_core.environment:create_environment_scripts_only(rrbot_gazebo)
[25.796s] Level 1:colcon.colcon_core.environment:checking '/home/farhan/ros2_gazebo/install/rrbot_gazebo' for CMake module files
[25.799s] DEBUG:colcon.colcon_core.event_handler.log_command:Invoked command in '/home/farhan/ros2_gazebo/build/rrbot_gazebo' returned '0': CMAKE_PREFIX_PATH=/home/farhan/ros2_gazebo/install/rrbot_description:/home/farhan/ros2_gazebo/install/rrbot_gazebo:/home/farhan/ros2_gazebo/install/opencv_test_py:/home/farhan/ros2_gazebo/install/Vision:/opt/ros/humble /usr/bin/cmake --install /home/farhan/ros2_gazebo/build/rrbot_gazebo
[25.801s] Level 1:colcon.colcon_core.environment:checking '/home/farhan/ros2_gazebo/install/rrbot_gazebo' for CMake config files
[25.802s] Level 1:colcon.colcon_core.shell:create_environment_hook('rrbot_gazebo', 'cmake_prefix_path')
[25.803s] INFO:colcon.colcon_core.shell:Creating environment hook '/home/farhan/ros2_gazebo/install/rrbot_gazebo/share/rrbot_gazebo/hook/cmake_prefix_path.ps1'
[25.805s] INFO:colcon.colcon_core.shell:Creating environment descriptor '/home/farhan/ros2_gazebo/install/rrbot_gazebo/share/rrbot_gazebo/hook/cmake_prefix_path.dsv'
[25.806s] INFO:colcon.colcon_core.shell:Creating environment hook '/home/farhan/ros2_gazebo/install/rrbot_gazebo/share/rrbot_gazebo/hook/cmake_prefix_path.sh'
[25.808s] Level 1:colcon.colcon_core.environment:checking '/home/farhan/ros2_gazebo/install/rrbot_gazebo/lib'
[25.809s] Level 1:colcon.colcon_core.environment:checking '/home/farhan/ros2_gazebo/install/rrbot_gazebo/bin'
[25.809s] Level 1:colcon.colcon_core.environment:checking '/home/farhan/ros2_gazebo/install/rrbot_gazebo/lib/pkgconfig/rrbot_gazebo.pc'
[25.810s] Level 1:colcon.colcon_core.environment:checking '/home/farhan/ros2_gazebo/install/rrbot_gazebo/lib/python3.10/site-packages'
[25.811s] Level 1:colcon.colcon_core.environment:checking '/home/farhan/ros2_gazebo/install/rrbot_gazebo/bin'
[25.812s] INFO:colcon.colcon_core.shell:Creating package script '/home/farhan/ros2_gazebo/install/rrbot_gazebo/share/rrbot_gazebo/package.ps1'
[25.814s] INFO:colcon.colcon_core.shell:Creating package descriptor '/home/farhan/ros2_gazebo/install/rrbot_gazebo/share/rrbot_gazebo/package.dsv'
[25.816s] INFO:colcon.colcon_core.shell:Creating package script '/home/farhan/ros2_gazebo/install/rrbot_gazebo/share/rrbot_gazebo/package.sh'
[25.817s] INFO:colcon.colcon_core.shell:Creating package script '/home/farhan/ros2_gazebo/install/rrbot_gazebo/share/rrbot_gazebo/package.bash'
[25.818s] INFO:colcon.colcon_core.shell:Creating package script '/home/farhan/ros2_gazebo/install/rrbot_gazebo/share/rrbot_gazebo/package.zsh'
[25.820s] Level 1:colcon.colcon_core.environment:create_file_with_runtime_dependencies(/home/farhan/ros2_gazebo/install/rrbot_gazebo/share/colcon-core/packages/rrbot_gazebo)
[25.894s] Level 1:colcon.colcon_core.environment:create_environment_scripts_only(rrbot_gazebo)
[25.895s] Level 1:colcon.colcon_core.environment:checking '/home/farhan/ros2_gazebo/install/rrbot_gazebo' for CMake module files
[25.896s] Level 1:colcon.colcon_core.environment:checking '/home/farhan/ros2_gazebo/install/rrbot_gazebo' for CMake config files
[25.896s] Level 1:colcon.colcon_core.shell:create_environment_hook('rrbot_gazebo', 'cmake_prefix_path')
[25.897s] INFO:colcon.colcon_core.shell:Creating environment hook '/home/farhan/ros2_gazebo/install/rrbot_gazebo/share/rrbot_gazebo/hook/cmake_prefix_path.ps1'
[25.898s] INFO:colcon.colcon_core.shell:Creating environment descriptor '/home/farhan/ros2_gazebo/install/rrbot_gazebo/share/rrbot_gazebo/hook/cmake_prefix_path.dsv'
[25.899s] INFO:colcon.colcon_core.shell:Creating environment hook '/home/farhan/ros2_gazebo/install/rrbot_gazebo/share/rrbot_gazebo/hook/cmake_prefix_path.sh'
[25.900s] Level 1:colcon.colcon_core.environment:checking '/home/farhan/ros2_gazebo/install/rrbot_gazebo/lib'
[25.901s] Level 1:colcon.colcon_core.environment:checking '/home/farhan/ros2_gazebo/install/rrbot_gazebo/bin'
[25.901s] Level 1:colcon.colcon_core.environment:checking '/home/farhan/ros2_gazebo/install/rrbot_gazebo/lib/pkgconfig/rrbot_gazebo.pc'
[25.901s] Level 1:colcon.colcon_core.environment:checking '/home/farhan/ros2_gazebo/install/rrbot_gazebo/lib/python3.10/site-packages'
[25.902s] Level 1:colcon.colcon_core.environment:checking '/home/farhan/ros2_gazebo/install/rrbot_gazebo/bin'
[25.903s] INFO:colcon.colcon_core.shell:Creating package script '/home/farhan/ros2_gazebo/install/rrbot_gazebo/share/rrbot_gazebo/package.ps1'
[25.904s] INFO:colcon.colcon_core.shell:Creating package descriptor '/home/farhan/ros2_gazebo/install/rrbot_gazebo/share/rrbot_gazebo/package.dsv'
[25.905s] INFO:colcon.colcon_core.shell:Creating package script '/home/farhan/ros2_gazebo/install/rrbot_gazebo/share/rrbot_gazebo/package.sh'
[25.906s] INFO:colcon.colcon_core.shell:Creating package script '/home/farhan/ros2_gazebo/install/rrbot_gazebo/share/rrbot_gazebo/package.bash'
[25.907s] INFO:colcon.colcon_core.shell:Creating package script '/home/farhan/ros2_gazebo/install/rrbot_gazebo/share/rrbot_gazebo/package.zsh'
[25.908s] Level 1:colcon.colcon_core.environment:create_file_with_runtime_dependencies(/home/farhan/ros2_gazebo/install/rrbot_gazebo/share/colcon-core/packages/rrbot_gazebo)
[25.909s] DEBUG:colcon.colcon_parallel_executor.executor.parallel:closing loop
[25.910s] DEBUG:colcon.colcon_parallel_executor.executor.parallel:loop closed
[25.910s] DEBUG:colcon.colcon_parallel_executor.executor.parallel:run_until_complete finished with '0'
[25.910s] DEBUG:colcon.colcon_core.event_reactor:joining thread
[25.989s] INFO:colcon.colcon_core.plugin_system:Skipping extension 'colcon_notification.desktop_notification.terminal_notifier': Not used on non-Darwin systems
[25.990s] INFO:colcon.colcon_core.plugin_system:Skipping extension 'colcon_notification.desktop_notification.win32': Not used on non-Windows systems
[25.990s] INFO:colcon.colcon_notification.desktop_notification:Sending desktop notification using 'notify2'
[26.035s] DEBUG:colcon.colcon_core.event_reactor:joined thread
[26.036s] INFO:colcon.colcon_core.shell:Creating prefix script '/home/farhan/ros2_gazebo/install/local_setup.ps1'
[26.051s] INFO:colcon.colcon_core.shell:Creating prefix util module '/home/farhan/ros2_gazebo/install/_local_setup_util_ps1.py'
[26.075s] INFO:colcon.colcon_core.shell:Creating prefix chain script '/home/farhan/ros2_gazebo/install/setup.ps1'
[26.084s] INFO:colcon.colcon_core.shell:Creating prefix script '/home/farhan/ros2_gazebo/install/local_setup.sh'
[26.085s] INFO:colcon.colcon_core.shell:Creating prefix util module '/home/farhan/ros2_gazebo/install/_local_setup_util_sh.py'
[26.086s] INFO:colcon.colcon_core.shell:Creating prefix chain script '/home/farhan/ros2_gazebo/install/setup.sh'
[26.087s] INFO:colcon.colcon_core.shell:Creating prefix script '/home/farhan/ros2_gazebo/install/local_setup.bash'
[26.104s] INFO:colcon.colcon_core.shell:Creating prefix chain script '/home/farhan/ros2_gazebo/install/setup.bash'
[26.138s] INFO:colcon.colcon_core.shell:Creating prefix script '/home/farhan/ros2_gazebo/install/local_setup.zsh'
[26.190s] INFO:colcon.colcon_core.shell:Creating prefix chain script '/home/farhan/ros2_gazebo/install/setup.zsh'
