[20.126s] Invoking command in '/home/farhan/ros2_gazebo/src/Vision': PYTHONPATH=/home/farhan/ros2_gazebo/build/Vision/prefix_override:/usr/lib/python3/dist-packages/colcon_core/task/python/colcon_distutils_commands:/home/farhan/ros2_gazebo/install/Vision/lib/python3.10/site-packages:${PYTHONPATH} /usr/bin/python3 -W ignore:setup.py install is deprecated setup.py egg_info --egg-base ../../build/Vision build --build-base /home/farhan/ros2_gazebo/build/Vision/build install --record /home/farhan/ros2_gazebo/build/Vision/install.log --single-version-externally-managed install_data
[25.992s] running egg_info
[26.000s] writing ../../build/Vision/Vision.egg-info/PKG-INFO
[26.001s] writing dependency_links to ../../build/Vision/Vision.egg-info/dependency_links.txt
[26.003s] writing entry points to ../../build/Vision/Vision.egg-info/entry_points.txt
[26.005s] writing requirements to ../../build/Vision/Vision.egg-info/requires.txt
[26.005s] writing top-level names to ../../build/Vision/Vision.egg-info/top_level.txt
[26.019s] reading manifest file '../../build/Vision/Vision.egg-info/SOURCES.txt'
[26.029s] writing manifest file '../../build/Vision/Vision.egg-info/SOURCES.txt'
[26.029s] running build
[26.032s] running build_py
[26.034s] running install
[26.038s] running install_lib
[26.071s] running install_data
[26.075s] running install_egg_info
[26.108s] removing '/home/farhan/ros2_gazebo/install/Vision/lib/python3.10/site-packages/Vision-0.0.0-py3.10.egg-info' (and everything under it)
[26.112s] Copying ../../build/Vision/Vision.egg-info to /home/farhan/ros2_gazebo/install/Vision/lib/python3.10/site-packages/Vision-0.0.0-py3.10.egg-info
[26.125s] running install_scripts
[26.474s] writing list of installed files to '/home/farhan/ros2_gazebo/build/Vision/install.log'
[26.815s] Invoked command in '/home/farhan/ros2_gazebo/src/Vision' returned '0': PYTHONPATH=/home/farhan/ros2_gazebo/build/Vision/prefix_override:/usr/lib/python3/dist-packages/colcon_core/task/python/colcon_distutils_commands:/home/farhan/ros2_gazebo/install/Vision/lib/python3.10/site-packages:${PYTHONPATH} /usr/bin/python3 -W ignore:setup.py install is deprecated setup.py egg_info --egg-base ../../build/Vision build --build-base /home/farhan/ros2_gazebo/build/Vision/build install --record /home/farhan/ros2_gazebo/build/Vision/install.log --single-version-externally-managed install_data
