[3.313s] Invoking command in '/home/farhan/ros2_gazebo/src/Vision': PYTHONPATH=/home/farhan/ros2_gazebo/build/Vision/prefix_override:/usr/lib/python3/dist-packages/colcon_core/task/python/colcon_distutils_commands:/home/farhan/ros2_gazebo/install/Vision/lib/python3.10/site-packages:${PYTHONPATH} /usr/bin/python3 -W ignore:setup.py install is deprecated setup.py egg_info --egg-base ../../build/Vision build --build-base /home/farhan/ros2_gazebo/build/Vision/build install --record /home/farhan/ros2_gazebo/build/Vision/install.log --single-version-externally-managed install_data
[3.564s] running egg_info
[3.564s] writing ../../build/Vision/Vision.egg-info/PKG-INFO
[3.582s] writing dependency_links to ../../build/Vision/Vision.egg-info/dependency_links.txt
[3.582s] writing entry points to ../../build/Vision/Vision.egg-info/entry_points.txt
[3.582s] writing requirements to ../../build/Vision/Vision.egg-info/requires.txt
[3.582s] writing top-level names to ../../build/Vision/Vision.egg-info/top_level.txt
[3.584s] reading manifest file '../../build/Vision/Vision.egg-info/SOURCES.txt'
[3.596s] writing manifest file '../../build/Vision/Vision.egg-info/SOURCES.txt'
[3.596s] running build
[3.596s] running build_py
[3.598s] running install
[3.598s] running install_lib
[3.600s] running install_data
[3.600s] running install_egg_info
[3.602s] removing '/home/farhan/ros2_gazebo/install/Vision/lib/python3.10/site-packages/Vision-0.0.0-py3.10.egg-info' (and everything under it)
[3.669s] Copying ../../build/Vision/Vision.egg-info to /home/farhan/ros2_gazebo/install/Vision/lib/python3.10/site-packages/Vision-0.0.0-py3.10.egg-info
[3.698s] running install_scripts
[3.749s] writing list of installed files to '/home/farhan/ros2_gazebo/build/Vision/install.log'
[3.778s] Invoked command in '/home/farhan/ros2_gazebo/src/Vision' returned '0': PYTHONPATH=/home/farhan/ros2_gazebo/build/Vision/prefix_override:/usr/lib/python3/dist-packages/colcon_core/task/python/colcon_distutils_commands:/home/farhan/ros2_gazebo/install/Vision/lib/python3.10/site-packages:${PYTHONPATH} /usr/bin/python3 -W ignore:setup.py install is deprecated setup.py egg_info --egg-base ../../build/Vision build --build-base /home/farhan/ros2_gazebo/build/Vision/build install --record /home/farhan/ros2_gazebo/build/Vision/install.log --single-version-externally-managed install_data
