[18.461s] Invoking command in '/home/farhan/ros2_gazebo/src/Vision': PYTHONPATH=/home/farhan/ros2_gazebo/build/Vision/prefix_override:/usr/lib/python3/dist-packages/colcon_core/task/python/colcon_distutils_commands:/home/farhan/ros2_gazebo/install/Vision/lib/python3.10/site-packages:${PYTHONPATH} /usr/bin/python3 -W ignore:setup.py install is deprecated setup.py egg_info --egg-base ../../build/Vision build --build-base /home/farhan/ros2_gazebo/build/Vision/build install --record /home/farhan/ros2_gazebo/build/Vision/install.log --single-version-externally-managed install_data
[23.447s] running egg_info
[23.458s] writing ../../build/Vision/Vision.egg-info/PKG-INFO
[23.459s] writing dependency_links to ../../build/Vision/Vision.egg-info/dependency_links.txt
[23.461s] writing entry points to ../../build/Vision/Vision.egg-info/entry_points.txt
[23.462s] writing requirements to ../../build/Vision/Vision.egg-info/requires.txt
[23.462s] writing top-level names to ../../build/Vision/Vision.egg-info/top_level.txt
[23.481s] reading manifest file '../../build/Vision/Vision.egg-info/SOURCES.txt'
[23.488s] writing manifest file '../../build/Vision/Vision.egg-info/SOURCES.txt'
[23.488s] running build
[23.490s] running build_py
[23.492s] running install
[23.495s] running install_lib
[23.528s] running install_data
[23.530s] running install_egg_info
[23.563s] removing '/home/farhan/ros2_gazebo/install/Vision/lib/python3.10/site-packages/Vision-0.0.0-py3.10.egg-info' (and everything under it)
[23.568s] Copying ../../build/Vision/Vision.egg-info to /home/farhan/ros2_gazebo/install/Vision/lib/python3.10/site-packages/Vision-0.0.0-py3.10.egg-info
[23.577s] running install_scripts
[23.963s] writing list of installed files to '/home/farhan/ros2_gazebo/build/Vision/install.log'
[24.340s] Invoked command in '/home/farhan/ros2_gazebo/src/Vision' returned '0': PYTHONPATH=/home/farhan/ros2_gazebo/build/Vision/prefix_override:/usr/lib/python3/dist-packages/colcon_core/task/python/colcon_distutils_commands:/home/farhan/ros2_gazebo/install/Vision/lib/python3.10/site-packages:${PYTHONPATH} /usr/bin/python3 -W ignore:setup.py install is deprecated setup.py egg_info --egg-base ../../build/Vision build --build-base /home/farhan/ros2_gazebo/build/Vision/build install --record /home/farhan/ros2_gazebo/build/Vision/install.log --single-version-externally-managed install_data
