[13.719s] Invoking command in '/home/farhan/ros2_gazebo/src/Vision': PYTHONPATH=/home/farhan/ros2_gazebo/build/Vision/prefix_override:/usr/lib/python3/dist-packages/colcon_core/task/python/colcon_distutils_commands:/home/farhan/ros2_gazebo/install/Vision/lib/python3.10/site-packages:${PYTHONPATH} /usr/bin/python3 -W ignore:setup.py install is deprecated setup.py egg_info --egg-base ../../build/Vision build --build-base /home/farhan/ros2_gazebo/build/Vision/build install --record /home/farhan/ros2_gazebo/build/Vision/install.log --single-version-externally-managed install_data
[19.246s] running egg_info
[19.259s] writing ../../build/Vision/Vision.egg-info/PKG-INFO
[19.260s] writing dependency_links to ../../build/Vision/Vision.egg-info/dependency_links.txt
[19.266s] writing entry points to ../../build/Vision/Vision.egg-info/entry_points.txt
[19.269s] writing requirements to ../../build/Vision/Vision.egg-info/requires.txt
[19.271s] writing top-level names to ../../build/Vision/Vision.egg-info/top_level.txt
[19.284s] reading manifest file '../../build/Vision/Vision.egg-info/SOURCES.txt'
[19.293s] writing manifest file '../../build/Vision/Vision.egg-info/SOURCES.txt'
[19.295s] running build
[19.296s] running build_py
[19.297s] running install
[19.301s] running install_lib
[19.333s] running install_data
[19.334s] running install_egg_info
[19.361s] removing '/home/farhan/ros2_gazebo/install/Vision/lib/python3.10/site-packages/Vision-0.0.0-py3.10.egg-info' (and everything under it)
[19.364s] Copying ../../build/Vision/Vision.egg-info to /home/farhan/ros2_gazebo/install/Vision/lib/python3.10/site-packages/Vision-0.0.0-py3.10.egg-info
[19.374s] running install_scripts
[19.713s] writing list of installed files to '/home/farhan/ros2_gazebo/build/Vision/install.log'
[20.023s] Invoked command in '/home/farhan/ros2_gazebo/src/Vision' returned '0': PYTHONPATH=/home/farhan/ros2_gazebo/build/Vision/prefix_override:/usr/lib/python3/dist-packages/colcon_core/task/python/colcon_distutils_commands:/home/farhan/ros2_gazebo/install/Vision/lib/python3.10/site-packages:${PYTHONPATH} /usr/bin/python3 -W ignore:setup.py install is deprecated setup.py egg_info --egg-base ../../build/Vision build --build-base /home/farhan/ros2_gazebo/build/Vision/build install --record /home/farhan/ros2_gazebo/build/Vision/install.log --single-version-externally-managed install_data
