running egg_info
creating ../../build/Vision/Vision.egg-info
writing ../../build/Vision/Vision.egg-info/PKG-INFO
writing dependency_links to ../../build/Vision/Vision.egg-info/dependency_links.txt
writing entry points to ../../build/Vision/Vision.egg-info/entry_points.txt
writing requirements to ../../build/Vision/Vision.egg-info/requires.txt
writing top-level names to ../../build/Vision/Vision.egg-info/top_level.txt
writing manifest file '../../build/Vision/Vision.egg-info/SOURCES.txt'
reading manifest file '../../build/Vision/Vision.egg-info/SOURCES.txt'
writing manifest file '../../build/Vision/Vision.egg-info/SOURCES.txt'
running build
running build_py
creating /home/farhan/ros2_gazebo/build/Vision/build
creating /home/farhan/ros2_gazebo/build/Vision/build/lib
creating /home/farhan/ros2_gazebo/build/Vision/build/lib/Vision
copying Vision/__init__.py -> /home/farhan/ros2_gazebo/build/Vision/build/lib/Vision
running install
running install_lib
creating /home/farhan/ros2_gazebo/install/Vision/lib/python3.10/site-packages/Vision
copying /home/farhan/ros2_gazebo/build/Vision/build/lib/Vision/__init__.py -> /home/farhan/ros2_gazebo/install/Vision/lib/python3.10/site-packages/Vision
byte-compiling /home/farhan/ros2_gazebo/install/Vision/lib/python3.10/site-packages/Vision/__init__.py to __init__.cpython-310.pyc
running install_data
creating /home/farhan/ros2_gazebo/install/Vision/share/ament_index
creating /home/farhan/ros2_gazebo/install/Vision/share/ament_index/resource_index
creating /home/farhan/ros2_gazebo/install/Vision/share/ament_index/resource_index/packages
copying resource/Vision -> /home/farhan/ros2_gazebo/install/Vision/share/ament_index/resource_index/packages
copying package.xml -> /home/farhan/ros2_gazebo/install/Vision/share/Vision
running install_egg_info
Copying ../../build/Vision/Vision.egg-info to /home/farhan/ros2_gazebo/install/Vision/lib/python3.10/site-packages/Vision-0.0.0-py3.10.egg-info
running install_scripts
writing list of installed files to '/home/farhan/ros2_gazebo/build/Vision/install.log'
