[13.758s] Invoking command in '/home/farhan/ros2_gazebo/src/Vision': PYTHONPATH=/home/farhan/ros2_gazebo/build/Vision/prefix_override:/usr/lib/python3/dist-packages/colcon_core/task/python/colcon_distutils_commands:/home/farhan/ros2_gazebo/install/Vision/lib/python3.10/site-packages:${PYTHONPATH} /usr/bin/python3 -W ignore:setup.py install is deprecated setup.py egg_info --egg-base ../../build/Vision build --build-base /home/farhan/ros2_gazebo/build/Vision/build install --record /home/farhan/ros2_gazebo/build/Vision/install.log --single-version-externally-managed install_data
[19.162s] running egg_info
[19.166s] creating ../../build/Vision/Vision.egg-info
[19.169s] writing ../../build/Vision/Vision.egg-info/PKG-INFO
[19.171s] writing dependency_links to ../../build/Vision/Vision.egg-info/dependency_links.txt
[19.172s] writing entry points to ../../build/Vision/Vision.egg-info/entry_points.txt
[19.173s] writing requirements to ../../build/Vision/Vision.egg-info/requires.txt
[19.174s] writing top-level names to ../../build/Vision/Vision.egg-info/top_level.txt
[19.176s] writing manifest file '../../build/Vision/Vision.egg-info/SOURCES.txt'
[19.196s] reading manifest file '../../build/Vision/Vision.egg-info/SOURCES.txt'
[19.206s] writing manifest file '../../build/Vision/Vision.egg-info/SOURCES.txt'
[19.207s] running build
[19.208s] running build_py
[19.209s] creating /home/farhan/ros2_gazebo/build/Vision/build
[19.209s] creating /home/farhan/ros2_gazebo/build/Vision/build/lib
[19.210s] creating /home/farhan/ros2_gazebo/build/Vision/build/lib/Vision
[19.210s] copying Vision/__init__.py -> /home/farhan/ros2_gazebo/build/Vision/build/lib/Vision
[19.212s] running install
[19.216s] running install_lib
[19.224s] creating /home/farhan/ros2_gazebo/install/Vision/lib/python3.10/site-packages/Vision
[19.226s] copying /home/farhan/ros2_gazebo/build/Vision/build/lib/Vision/__init__.py -> /home/farhan/ros2_gazebo/install/Vision/lib/python3.10/site-packages/Vision
[19.247s] byte-compiling /home/farhan/ros2_gazebo/install/Vision/lib/python3.10/site-packages/Vision/__init__.py to __init__.cpython-310.pyc
[19.250s] running install_data
[19.258s] creating /home/farhan/ros2_gazebo/install/Vision/share/ament_index
[19.259s] creating /home/farhan/ros2_gazebo/install/Vision/share/ament_index/resource_index
[19.259s] creating /home/farhan/ros2_gazebo/install/Vision/share/ament_index/resource_index/packages
[19.259s] copying resource/Vision -> /home/farhan/ros2_gazebo/install/Vision/share/ament_index/resource_index/packages
[19.260s] copying package.xml -> /home/farhan/ros2_gazebo/install/Vision/share/Vision
[19.260s] running install_egg_info
[19.288s] Copying ../../build/Vision/Vision.egg-info to /home/farhan/ros2_gazebo/install/Vision/lib/python3.10/site-packages/Vision-0.0.0-py3.10.egg-info
[19.295s] running install_scripts
[19.631s] writing list of installed files to '/home/farhan/ros2_gazebo/build/Vision/install.log'
[19.962s] Invoked command in '/home/farhan/ros2_gazebo/src/Vision' returned '0': PYTHONPATH=/home/farhan/ros2_gazebo/build/Vision/prefix_override:/usr/lib/python3/dist-packages/colcon_core/task/python/colcon_distutils_commands:/home/farhan/ros2_gazebo/install/Vision/lib/python3.10/site-packages:${PYTHONPATH} /usr/bin/python3 -W ignore:setup.py install is deprecated setup.py egg_info --egg-base ../../build/Vision build --build-base /home/farhan/ros2_gazebo/build/Vision/build install --record /home/farhan/ros2_gazebo/build/Vision/install.log --single-version-externally-managed install_data
