[13.452s] Invoking command in '/home/farhan/ros2_gazebo/src/Vision': PYTHONPATH=/home/farhan/ros2_gazebo/build/Vision/prefix_override:/usr/lib/python3/dist-packages/colcon_core/task/python/colcon_distutils_commands:/home/farhan/ros2_gazebo/install/Vision/lib/python3.10/site-packages:${PYTHONPATH} /usr/bin/python3 -W ignore:setup.py install is deprecated setup.py egg_info --egg-base ../../build/Vision build --build-base /home/farhan/ros2_gazebo/build/Vision/build install --record /home/farhan/ros2_gazebo/build/Vision/install.log --single-version-externally-managed install_data
[18.746s] running egg_info
[18.753s] writing ../../build/Vision/Vision.egg-info/PKG-INFO
[18.756s] writing dependency_links to ../../build/Vision/Vision.egg-info/dependency_links.txt
[18.759s] writing entry points to ../../build/Vision/Vision.egg-info/entry_points.txt
[18.763s] writing requirements to ../../build/Vision/Vision.egg-info/requires.txt
[18.766s] writing top-level names to ../../build/Vision/Vision.egg-info/top_level.txt
[18.784s] reading manifest file '../../build/Vision/Vision.egg-info/SOURCES.txt'
[18.790s] writing manifest file '../../build/Vision/Vision.egg-info/SOURCES.txt'
[18.792s] running build
[18.796s] running build_py
[18.797s] running install
[18.797s] running install_lib
[18.821s] running install_data
[18.823s] running install_egg_info
[18.855s] removing '/home/farhan/ros2_gazebo/install/Vision/lib/python3.10/site-packages/Vision-0.0.0-py3.10.egg-info' (and everything under it)
[18.856s] Copying ../../build/Vision/Vision.egg-info to /home/farhan/ros2_gazebo/install/Vision/lib/python3.10/site-packages/Vision-0.0.0-py3.10.egg-info
[18.864s] running install_scripts
[19.224s] writing list of installed files to '/home/farhan/ros2_gazebo/build/Vision/install.log'
[19.549s] Invoked command in '/home/farhan/ros2_gazebo/src/Vision' returned '0': PYTHONPATH=/home/farhan/ros2_gazebo/build/Vision/prefix_override:/usr/lib/python3/dist-packages/colcon_core/task/python/colcon_distutils_commands:/home/farhan/ros2_gazebo/install/Vision/lib/python3.10/site-packages:${PYTHONPATH} /usr/bin/python3 -W ignore:setup.py install is deprecated setup.py egg_info --egg-base ../../build/Vision build --build-base /home/farhan/ros2_gazebo/build/Vision/build install --record /home/farhan/ros2_gazebo/build/Vision/install.log --single-version-externally-managed install_data
