[0.220s] Invoking command in '/home/farhan/ros2_gazebo/build/rrbot_description': CMAKE_PREFIX_PATH=${CMAKE_PREFIX_PATH}:/home/farhan/ros2_gazebo/install/opencv_test_py:/home/farhan/ros2_gazebo/install/Vision:/opt/ros/humble /usr/bin/cmake --build /home/farhan/ros2_gazebo/build/rrbot_description -- -j8 -l8
[1.340s] Invoked command in '/home/farhan/ros2_gazebo/build/rrbot_description' returned '0': CMAKE_PREFIX_PATH=${CMAKE_PREFIX_PATH}:/home/farhan/ros2_gazebo/install/opencv_test_py:/home/farhan/ros2_gazebo/install/Vision:/opt/ros/humble /usr/bin/cmake --build /home/farhan/ros2_gazebo/build/rrbot_description -- -j8 -l8
[1.368s] Invoking command in '/home/farhan/ros2_gazebo/build/rrbot_description': CMAKE_PREFIX_PATH=${CMAKE_PREFIX_PATH}:/home/farhan/ros2_gazebo/install/opencv_test_py:/home/farhan/ros2_gazebo/install/Vision:/opt/ros/humble /usr/bin/cmake --install /home/farhan/ros2_gazebo/build/rrbot_description
[1.374s] -- Install configuration: ""
[1.374s] -- Up-to-date: /home/farhan/ros2_gazebo/install/rrbot_description/share/rrbot_description/config
[1.375s] -- Up-to-date: /home/farhan/ros2_gazebo/install/rrbot_description/share/rrbot_description/config/rrbot.rviz
[1.375s] -- Up-to-date: /home/farhan/ros2_gazebo/install/rrbot_description/share/rrbot_description/gazebo
[1.375s] -- Up-to-date: /home/farhan/ros2_gazebo/install/rrbot_description/share/rrbot_description/gazebo/rrbot.materials.xacro
[1.375s] -- Up-to-date: /home/farhan/ros2_gazebo/install/rrbot_description/share/rrbot_description/gazebo/rrbot.gazebo.xacro
[1.375s] -- Up-to-date: /home/farhan/ros2_gazebo/install/rrbot_description/share/rrbot_description/meshes
[1.375s] -- Up-to-date: /home/farhan/ros2_gazebo/install/rrbot_description/share/rrbot_description/meshes/hokuyo.dae
[1.375s] -- Up-to-date: /home/farhan/ros2_gazebo/install/rrbot_description/share/rrbot_description/launch
[1.376s] -- Up-to-date: /home/farhan/ros2_gazebo/install/rrbot_description/share/rrbot_description/launch/view_robot.launch.py
[1.376s] -- Up-to-date: /home/farhan/ros2_gazebo/install/rrbot_description/share/rrbot_description/launch/object_spawn.launch.py
[1.376s] -- Up-to-date: /home/farhan/ros2_gazebo/install/rrbot_description/share/rrbot_description/ros2_control
[1.376s] -- Up-to-date: /home/farhan/ros2_gazebo/install/rrbot_description/share/rrbot_description/ros2_control/rrbot.ros2_control.xacro
[1.376s] -- Up-to-date: /home/farhan/ros2_gazebo/install/rrbot_description/share/rrbot_description/urdf
[1.376s] -- Up-to-date: /home/farhan/ros2_gazebo/install/rrbot_description/share/rrbot_description/urdf/rrbot_description.urdf.xacro
[1.376s] -- Up-to-date: /home/farhan/ros2_gazebo/install/rrbot_description/share/rrbot_description/urdf/rrbot.urdf.xacro
[1.386s] -- Up-to-date: /home/farhan/ros2_gazebo/install/rrbot_description/share/rrbot_description/urdf/object.urdf
[1.387s] -- Up-to-date: /home/farhan/ros2_gazebo/install/rrbot_description/share/rrbot_description/environment/rrbot_description.dsv
[1.387s] -- Up-to-date: /home/farhan/ros2_gazebo/install/rrbot_description/share/ament_index/resource_index/package_run_dependencies/rrbot_description
[1.387s] -- Up-to-date: /home/farhan/ros2_gazebo/install/rrbot_description/share/ament_index/resource_index/parent_prefix_path/rrbot_description
[1.387s] -- Up-to-date: /home/farhan/ros2_gazebo/install/rrbot_description/share/rrbot_description/environment/ament_prefix_path.dsv
[1.388s] -- Up-to-date: /home/farhan/ros2_gazebo/install/rrbot_description/share/rrbot_description/environment/path.dsv
[1.388s] -- Up-to-date: /home/farhan/ros2_gazebo/install/rrbot_description/share/rrbot_description/local_setup.bash
[1.388s] -- Up-to-date: /home/farhan/ros2_gazebo/install/rrbot_description/share/rrbot_description/local_setup.sh
[1.388s] -- Up-to-date: /home/farhan/ros2_gazebo/install/rrbot_description/share/rrbot_description/local_setup.zsh
[1.388s] -- Up-to-date: /home/farhan/ros2_gazebo/install/rrbot_description/share/rrbot_description/local_setup.dsv
[1.388s] -- Installing: /home/farhan/ros2_gazebo/install/rrbot_description/share/rrbot_description/package.dsv
[1.389s] -- Up-to-date: /home/farhan/ros2_gazebo/install/rrbot_description/share/ament_index/resource_index/packages/rrbot_description
[1.389s] -- Up-to-date: /home/farhan/ros2_gazebo/install/rrbot_description/share/rrbot_description/cmake/rrbot_descriptionConfig.cmake
[1.389s] -- Up-to-date: /home/farhan/ros2_gazebo/install/rrbot_description/share/rrbot_description/cmake/rrbot_descriptionConfig-version.cmake
[1.389s] -- Up-to-date: /home/farhan/ros2_gazebo/install/rrbot_description/share/rrbot_description/package.xml
[1.391s] Invoked command in '/home/farhan/ros2_gazebo/build/rrbot_description' returned '0': CMAKE_PREFIX_PATH=${CMAKE_PREFIX_PATH}:/home/farhan/ros2_gazebo/install/opencv_test_py:/home/farhan/ros2_gazebo/install/Vision:/opt/ros/humble /usr/bin/cmake --install /home/farhan/ros2_gazebo/build/rrbot_description
