[10.006s] Invoking command in '/home/farhan/ros2_gazebo/src/Vision': PYTHONPATH=/home/farhan/ros2_gazebo/build/Vision/prefix_override:/usr/lib/python3/dist-packages/colcon_core/task/python/colcon_distutils_commands:/home/farhan/ros2_gazebo/install/Vision/lib/python3.10/site-packages:${PYTHONPATH} /usr/bin/python3 -W ignore:setup.py install is deprecated setup.py egg_info --egg-base ../../build/Vision build --build-base /home/farhan/ros2_gazebo/build/Vision/build install --record /home/farhan/ros2_gazebo/build/Vision/install.log --single-version-externally-managed install_data
[12.630s] running egg_info
[12.641s] writing ../../build/Vision/Vision.egg-info/PKG-INFO
[12.643s] writing dependency_links to ../../build/Vision/Vision.egg-info/dependency_links.txt
[12.646s] writing entry points to ../../build/Vision/Vision.egg-info/entry_points.txt
[12.647s] writing requirements to ../../build/Vision/Vision.egg-info/requires.txt
[12.647s] writing top-level names to ../../build/Vision/Vision.egg-info/top_level.txt
[12.666s] reading manifest file '../../build/Vision/Vision.egg-info/SOURCES.txt'
[12.675s] writing manifest file '../../build/Vision/Vision.egg-info/SOURCES.txt'
[12.676s] running build
[12.676s] running build_py
[12.677s] running install
[12.681s] running install_lib
[12.693s] running install_data
[12.696s] running install_egg_info
[12.717s] removing '/home/farhan/ros2_gazebo/install/Vision/lib/python3.10/site-packages/Vision-0.0.0-py3.10.egg-info' (and everything under it)
[12.719s] Copying ../../build/Vision/Vision.egg-info to /home/farhan/ros2_gazebo/install/Vision/lib/python3.10/site-packages/Vision-0.0.0-py3.10.egg-info
[12.734s] running install_scripts
[12.970s] writing list of installed files to '/home/farhan/ros2_gazebo/build/Vision/install.log'
[13.299s] Invoked command in '/home/farhan/ros2_gazebo/src/Vision' returned '0': PYTHONPATH=/home/farhan/ros2_gazebo/build/Vision/prefix_override:/usr/lib/python3/dist-packages/colcon_core/task/python/colcon_distutils_commands:/home/farhan/ros2_gazebo/install/Vision/lib/python3.10/site-packages:${PYTHONPATH} /usr/bin/python3 -W ignore:setup.py install is deprecated setup.py egg_info --egg-base ../../build/Vision build --build-base /home/farhan/ros2_gazebo/build/Vision/build install --record /home/farhan/ros2_gazebo/build/Vision/install.log --single-version-externally-managed install_data
