[19.263s] Invoking command in '/home/farhan/ros2_gazebo/src/Vision': PYTHONPATH=/home/farhan/ros2_gazebo/build/Vision/prefix_override:/usr/lib/python3/dist-packages/colcon_core/task/python/colcon_distutils_commands:/home/farhan/ros2_gazebo/install/Vision/lib/python3.10/site-packages:${PYTHONPATH} /usr/bin/python3 -W ignore:setup.py install is deprecated setup.py egg_info --egg-base ../../build/Vision build --build-base /home/farhan/ros2_gazebo/build/Vision/build install --record /home/farhan/ros2_gazebo/build/Vision/install.log --single-version-externally-managed install_data
[24.492s] running egg_info
[24.499s] writing ../../build/Vision/Vision.egg-info/PKG-INFO
[24.501s] writing dependency_links to ../../build/Vision/Vision.egg-info/dependency_links.txt
[24.505s] writing entry points to ../../build/Vision/Vision.egg-info/entry_points.txt
[24.506s] writing requirements to ../../build/Vision/Vision.egg-info/requires.txt
[24.507s] writing top-level names to ../../build/Vision/Vision.egg-info/top_level.txt
[24.528s] reading manifest file '../../build/Vision/Vision.egg-info/SOURCES.txt'
[24.536s] writing manifest file '../../build/Vision/Vision.egg-info/SOURCES.txt'
[24.553s] running build
[24.554s] running build_py
[24.555s] running install
[24.556s] running install_lib
[24.584s] running install_data
[24.587s] running install_egg_info
[24.617s] removing '/home/farhan/ros2_gazebo/install/Vision/lib/python3.10/site-packages/Vision-0.0.0-py3.10.egg-info' (and everything under it)
[24.622s] Copying ../../build/Vision/Vision.egg-info to /home/farhan/ros2_gazebo/install/Vision/lib/python3.10/site-packages/Vision-0.0.0-py3.10.egg-info
[24.629s] running install_scripts
[25.019s] writing list of installed files to '/home/farhan/ros2_gazebo/build/Vision/install.log'
[25.357s] Invoked command in '/home/farhan/ros2_gazebo/src/Vision' returned '0': PYTHONPATH=/home/farhan/ros2_gazebo/build/Vision/prefix_override:/usr/lib/python3/dist-packages/colcon_core/task/python/colcon_distutils_commands:/home/farhan/ros2_gazebo/install/Vision/lib/python3.10/site-packages:${PYTHONPATH} /usr/bin/python3 -W ignore:setup.py install is deprecated setup.py egg_info --egg-base ../../build/Vision build --build-base /home/farhan/ros2_gazebo/build/Vision/build install --record /home/farhan/ros2_gazebo/build/Vision/install.log --single-version-externally-managed install_data
