[0.068s] Invoking command in '/home/farhan/ros2_gazebo/build/rrbot_gazebo': AMENT_PREFIX_PATH=/home/farhan/ros2_gazebo/install/rrbot_description:${AMENT_PREFIX_PATH} CMAKE_PREFIX_PATH=/home/farhan/ros2_gazebo/install/rrbot_description:/opt/ros/humble /usr/bin/cmake --build /home/farhan/ros2_gazebo/build/rrbot_gazebo -- -j8 -l8
[0.554s] [ 50%] Built target publisher
[0.572s] [100%] Built target switch
[0.665s] Invoked command in '/home/farhan/ros2_gazebo/build/rrbot_gazebo' returned '0': AMENT_PREFIX_PATH=/home/farhan/ros2_gazebo/install/rrbot_description:${AMENT_PREFIX_PATH} CMAKE_PREFIX_PATH=/home/farhan/ros2_gazebo/install/rrbot_description:/opt/ros/humble /usr/bin/cmake --build /home/farhan/ros2_gazebo/build/rrbot_gazebo -- -j8 -l8
[0.919s] Invoking command in '/home/farhan/ros2_gazebo/build/rrbot_gazebo': AMENT_PREFIX_PATH=/home/farhan/ros2_gazebo/install/rrbot_description:${AMENT_PREFIX_PATH} CMAKE_PREFIX_PATH=/home/farhan/ros2_gazebo/install/rrbot_description:/opt/ros/humble /usr/bin/cmake --install /home/farhan/ros2_gazebo/build/rrbot_gazebo
[0.980s] -- Install configuration: ""
[0.982s] -- Up-to-date: /home/farhan/ros2_gazebo/install/rrbot_gazebo/lib/rrbot_gazebo/publisher
[0.991s] -- Up-to-date: /home/farhan/ros2_gazebo/install/rrbot_gazebo/lib/rrbot_gazebo/switch
[0.995s] -- Up-to-date: /home/farhan/ros2_gazebo/install/rrbot_gazebo/share/rrbot_gazebo/launch
[0.997s] -- Up-to-date: /home/farhan/ros2_gazebo/install/rrbot_gazebo/share/rrbot_gazebo/launch/rrbot_world.launch.py
[0.997s] -- Up-to-date: /home/farhan/ros2_gazebo/install/rrbot_gazebo/share/rrbot_gazebo/worlds
[0.998s] -- Up-to-date: /home/farhan/ros2_gazebo/install/rrbot_gazebo/share/rrbot_gazebo/worlds/rrbot.world
[0.999s] -- Up-to-date: /home/farhan/ros2_gazebo/install/rrbot_gazebo/share/rrbot_gazebo/config
[0.999s] -- Up-to-date: /home/farhan/ros2_gazebo/install/rrbot_gazebo/share/rrbot_gazebo/config/gazebo_controllers.yaml
[0.999s] -- Up-to-date: /home/farhan/ros2_gazebo/install/rrbot_gazebo/share/rrbot_gazebo/config/controllers.yaml
[1.000s] -- Up-to-date: /home/farhan/ros2_gazebo/install/rrbot_gazebo/share/ament_index/resource_index/package_run_dependencies/rrbot_gazebo
[1.001s] -- Up-to-date: /home/farhan/ros2_gazebo/install/rrbot_gazebo/share/ament_index/resource_index/parent_prefix_path/rrbot_gazebo
[1.002s] -- Up-to-date: /home/farhan/ros2_gazebo/install/rrbot_gazebo/share/rrbot_gazebo/environment/ament_prefix_path.dsv
[1.003s] -- Up-to-date: /home/farhan/ros2_gazebo/install/rrbot_gazebo/share/rrbot_gazebo/environment/path.dsv
[1.010s] -- Up-to-date: /home/farhan/ros2_gazebo/install/rrbot_gazebo/share/rrbot_gazebo/local_setup.bash
[1.011s] -- Up-to-date: /home/farhan/ros2_gazebo/install/rrbot_gazebo/share/rrbot_gazebo/local_setup.sh
[1.012s] -- Up-to-date: /home/farhan/ros2_gazebo/install/rrbot_gazebo/share/rrbot_gazebo/local_setup.zsh
[1.018s] -- Up-to-date: /home/farhan/ros2_gazebo/install/rrbot_gazebo/share/rrbot_gazebo/local_setup.dsv
[1.025s] -- Installing: /home/farhan/ros2_gazebo/install/rrbot_gazebo/share/rrbot_gazebo/package.dsv
[1.033s] -- Up-to-date: /home/farhan/ros2_gazebo/install/rrbot_gazebo/share/ament_index/resource_index/packages/rrbot_gazebo
[1.035s] -- Up-to-date: /home/farhan/ros2_gazebo/install/rrbot_gazebo/share/rrbot_gazebo/cmake/rrbot_gazeboConfig.cmake
[1.035s] -- Up-to-date: /home/farhan/ros2_gazebo/install/rrbot_gazebo/share/rrbot_gazebo/cmake/rrbot_gazeboConfig-version.cmake
[1.036s] -- Up-to-date: /home/farhan/ros2_gazebo/install/rrbot_gazebo/share/rrbot_gazebo/package.xml
[1.038s] Invoked command in '/home/farhan/ros2_gazebo/build/rrbot_gazebo' returned '0': AMENT_PREFIX_PATH=/home/farhan/ros2_gazebo/install/rrbot_description:${AMENT_PREFIX_PATH} CMAKE_PREFIX_PATH=/home/farhan/ros2_gazebo/install/rrbot_description:/opt/ros/humble /usr/bin/cmake --install /home/farhan/ros2_gazebo/build/rrbot_gazebo
