[18.816s] Invoking command in '/home/farhan/ros2_gazebo/src/Vision': PYTHONPATH=/home/farhan/ros2_gazebo/build/Vision/prefix_override:/usr/lib/python3/dist-packages/colcon_core/task/python/colcon_distutils_commands:/home/farhan/ros2_gazebo/install/Vision/lib/python3.10/site-packages:${PYTHONPATH} /usr/bin/python3 -W ignore:setup.py install is deprecated setup.py egg_info --egg-base ../../build/Vision build --build-base /home/farhan/ros2_gazebo/build/Vision/build install --record /home/farhan/ros2_gazebo/build/Vision/install.log --single-version-externally-managed install_data
[23.554s] running egg_info
[23.564s] writing ../../build/Vision/Vision.egg-info/PKG-INFO
[23.567s] writing dependency_links to ../../build/Vision/Vision.egg-info/dependency_links.txt
[23.568s] writing entry points to ../../build/Vision/Vision.egg-info/entry_points.txt
[23.569s] writing requirements to ../../build/Vision/Vision.egg-info/requires.txt
[23.571s] writing top-level names to ../../build/Vision/Vision.egg-info/top_level.txt
[23.592s] reading manifest file '../../build/Vision/Vision.egg-info/SOURCES.txt'
[23.600s] writing manifest file '../../build/Vision/Vision.egg-info/SOURCES.txt'
[23.602s] running build
[23.603s] running build_py
[23.604s] running install
[23.608s] running install_lib
[23.640s] running install_data
[23.642s] running install_egg_info
[23.678s] removing '/home/farhan/ros2_gazebo/install/Vision/lib/python3.10/site-packages/Vision-0.0.0-py3.10.egg-info' (and everything under it)
[23.680s] Copying ../../build/Vision/Vision.egg-info to /home/farhan/ros2_gazebo/install/Vision/lib/python3.10/site-packages/Vision-0.0.0-py3.10.egg-info
[23.689s] running install_scripts
[24.065s] writing list of installed files to '/home/farhan/ros2_gazebo/build/Vision/install.log'
[24.424s] Invoked command in '/home/farhan/ros2_gazebo/src/Vision' returned '0': PYTHONPATH=/home/farhan/ros2_gazebo/build/Vision/prefix_override:/usr/lib/python3/dist-packages/colcon_core/task/python/colcon_distutils_commands:/home/farhan/ros2_gazebo/install/Vision/lib/python3.10/site-packages:${PYTHONPATH} /usr/bin/python3 -W ignore:setup.py install is deprecated setup.py egg_info --egg-base ../../build/Vision build --build-base /home/farhan/ros2_gazebo/build/Vision/build install --record /home/farhan/ros2_gazebo/build/Vision/install.log --single-version-externally-managed install_data
